/home/fibo/cart_ws/intregration/communicate_AMR.py:4: DeprecationWarning: 'telnetlib' is deprecated and slated for removal in Python 3.13
  import os, json, time, telnetlib, signal, threading, queue, traceback
/home/fibo/cart_ws/intregration/communicate_AMR.py:261: DeprecationWarning: Callback API version 1 is deprecated, update to latest version
  cli = mqtt.Client(client_id="communicate_AMR", userdata={})
Traceback (most recent call last):
  File "/home/fibo/cart_ws/intregration/communicate_AMR.py", line 141, in _reader_loop
    tn = self._connect()
         ^^^^^^^^^^^^^^^
TimeoutError: timed out
Traceback (most recent call last):
  File "/home/fibo/cart_ws/intregration/communicate_AMR.py", line 141, in _reader_loop
    tn = self._connect()
         ^^^^^^^^^^^^^^^
TimeoutError: timed out
Traceback (most recent call last):
  File "/home/fibo/cart_ws/intregration/communicate_AMR.py", line 141, in _reader_loop
    tn = self._connect()
         ^^^^^^^^^^^^^^^
TimeoutError: timed out
Traceback (most recent call last):
  File "/home/fibo/cart_ws/intregration/communicate_AMR.py", line 141, in _reader_loop
    tn = self._connect()
         ^^^^^^^^^^^^^^^
TimeoutError: timed out
Traceback (most recent call last):
  File "/home/fibo/cart_ws/intregration/communicate_AMR.py", line 141, in _reader_loop
    tn = self._connect()
         ^^^^^^^^^^^^^^^
TimeoutError: timed out
Traceback (most recent call last):
  File "/home/fibo/cart_ws/intregration/communicate_AMR.py", line 141, in _reader_loop
    tn = self._connect()
         ^^^^^^^^^^^^^^^
TimeoutError: timed out
Traceback (most recent call last):
  File "/home/fibo/cart_ws/intregration/communicate_AMR.py", line 141, in _reader_loop
    tn = self._connect()
         ^^^^^^^^^^^^^^^
TimeoutError: timed out
